<?xml version="1.0" encoding="UTF-8"?>
<!-- Generated by org.testng.reporters.JUnitXMLReporter -->
<testsuite ignored="0" hostname="Nikhil" failures="0" tests="4" name="Default test" time="30.616" errors="0" timestamp="2025-05-12T11:48:47 IST">
  <testcase classname="com.nikhil.testing.seleniumTestingFresh.SubmitOrderTest" name="submitOrder" time="2.476"/>
  <testcase classname="com.nikhil.testing.seleniumTestingFresh.SubmitOrderTest" name="submitOrder" time="10.188">
    <skipped/>
  </testcase> <!-- submitOrder -->
  <testcase classname="com.nikhil.testing.seleniumTestingFresh.SubmitOrderTest" name="verifyOrder" time="1.216"/>
  <testcase classname="com.nikhil.testing.seleniumTestingFresh.SubmitOrderTest" name="verifyOrder" time="0.077">
    <skipped/>
  </testcase> <!-- verifyOrder -->
</testsuite> <!-- Default test -->
