<?xml version="1.0" encoding="UTF-8"?>
<!-- Generated by org.testng.reporters.JUnitXMLReporter -->
<testsuite ignored="0" hostname="Nikhil" failures="0" tests="4" name="Submit Order" time="16.379" errors="0" timestamp="2025-06-24T07:50:25 IST">
  <testcase classname="com.nikhil.testing.seleniumTestingFresh.SubmitOrderTest" name="submitOrder" time="2.392"/>
  <testcase classname="com.nikhil.testing.seleniumTestingFresh.SubmitOrderTest" name="submitOrder" time="0.127">
    <skipped/>
  </testcase> <!-- submitOrder -->
  <testcase classname="com.nikhil.testing.seleniumTestingFresh.SubmitOrderTest" name="verifyOrder" time="1.119"/>
  <testcase classname="com.nikhil.testing.seleniumTestingFresh.SubmitOrderTest" name="verifyOrder" time="0.088">
    <skipped/>
  </testcase> <!-- verifyOrder -->
</testsuite> <!-- Submit Order -->
