<?xml version="1.0" encoding="UTF-8"?>
<!-- Generated by org.testng.reporters.JUnitXMLReporter -->
<testsuite ignored="0" hostname="Nikhil" failures="0" tests="4" name="Submit Order" time="13.276" errors="0" timestamp="2025-06-24T09:04:35 IST">
  <testcase classname="com.nikhil.testing.seleniumTestingFresh.SubmitOrderTest" name="submitOrder" time="2.47"/>
  <testcase classname="com.nikhil.testing.seleniumTestingFresh.SubmitOrderTest" name="submitOrder" time="0.139">
    <skipped/>
  </testcase> <!-- submitOrder -->
  <testcase classname="com.nikhil.testing.seleniumTestingFresh.SubmitOrderTest" name="verifyOrder" time="3.197"/>
  <testcase classname="com.nikhil.testing.seleniumTestingFresh.SubmitOrderTest" name="verifyOrder" time="0.744">
    <skipped/>
  </testcase> <!-- verifyOrder -->
</testsuite> <!-- Submit Order -->
